<?xml version="1.0" encoding="UTF-8"?>
<testng-results ignored="0" total="1" passed="1" failed="0" skipped="0">
  <reporter-output>
  </reporter-output>
  <suite started-at="2021-08-09T09:46:46 IST" name="InetBankingV1" finished-at="2021-08-09T09:48:02 IST" duration-ms="75965">
    <groups>
    </groups>
    <test started-at="2021-08-09T09:46:46 IST" name="BankingApp Test" finished-at="2021-08-09T09:48:02 IST" duration-ms="75965">
      <class name="com.inetbanking.testcases.Tc_LoginTest_001">
        <test-method is-config="true" signature="setup(java.lang.String)[pri:0, instance:com.inetbanking.testcases.Tc_LoginTest_001@17a7f733]" started-at="2021-08-09T09:46:46 IST" name="setup" finished-at="2021-08-09T09:47:53 IST" duration-ms="67337" status="PASS">
          <params>
            <param index="0">
              <value>
                <![CDATA[firefox]]>
              </value>
            </param>
          </params>
          <reporter-output>
          </reporter-output>
        </test-method> <!-- setup -->
        <test-method signature="loginTest()[pri:0, instance:com.inetbanking.testcases.Tc_LoginTest_001@17a7f733]" started-at="2021-08-09T09:47:53 IST" name="loginTest" finished-at="2021-08-09T09:47:58 IST" duration-ms="4911" status="PASS">
          <reporter-output>
          </reporter-output>
        </test-method> <!-- loginTest -->
        <test-method is-config="true" signature="TearDown()[pri:0, instance:com.inetbanking.testcases.Tc_LoginTest_001@17a7f733]" started-at="2021-08-09T09:47:58 IST" name="TearDown" finished-at="2021-08-09T09:48:02 IST" duration-ms="3482" status="PASS">
          <reporter-output>
          </reporter-output>
        </test-method> <!-- TearDown -->
      </class> <!-- com.inetbanking.testcases.Tc_LoginTest_001 -->
    </test> <!-- BankingApp Test -->
  </suite> <!-- InetBankingV1 -->
</testng-results>
